0 info it worked if it ends with ok
1 verbose cli [ '/usr/local/bin/node', '/usr/local/bin/npm', 'start' ]
2 info using npm@1.3.21
3 info using node@v0.10.24
4 verbose run-script [ 'prestart', 'start', 'poststart' ]
5 info prestart miLapiz@0.0.1
6 info start miLapiz@0.0.1
7 verbose unsafe-perm in lifecycle true
8 info miLapiz@0.0.1 Failed to exec start script
9 error miLapiz@0.0.1 start: `NODE_ENV=production node app.js`
9 error Exit status 8
10 error Failed at the miLapiz@0.0.1 start script.
10 error This is most likely a problem with the miLapiz package,
10 error not with npm itself.
10 error Tell the author that this fails on your system:
10 error     NODE_ENV=production node app.js
10 error You can get their info via:
10 error     npm owner ls miLapiz
10 error There is likely additional logging output above.
11 error System Linux 3.8.0-35-generic
12 error command "/usr/local/bin/node" "/usr/local/bin/npm" "start"
13 error cwd /home/wilsonbalderrama/development/milapiz
14 error node -v v0.10.24
15 error npm -v 1.3.21
16 error code ELIFECYCLE
17 verbose exit [ 1, true ]
