0 info it worked if it ends with ok
1 verbose cli [ '/home/wilson/.nvm/v0.10.12/bin/node',
1 verbose cli   '/home/wilson/.nvm/v0.10.12/bin/npm',
1 verbose cli   'test' ]
2 info using npm@1.2.32
3 info using node@v0.10.12
4 verbose read json /home/wilson/development/milapiz/lib/logs/package.json
5 error Error: ENOENT, open '/home/wilson/development/milapiz/lib/logs/package.json'
6 error If you need help, you may report this log at:
6 error     <http://github.com/isaacs/npm/issues>
6 error or email it to:
6 error     <npm-@googlegroups.com>
7 error System Linux 3.8.0-32-generic
8 error command "/home/wilson/.nvm/v0.10.12/bin/node" "/home/wilson/.nvm/v0.10.12/bin/npm" "test"
9 error cwd /home/wilson/development/milapiz/lib/logs
10 error node -v v0.10.12
11 error npm -v 1.2.32
12 error path /home/wilson/development/milapiz/lib/logs/package.json
13 error code ENOENT
14 error errno 34
15 verbose exit [ 34, true ]
